000000		call	=	170756
		ret	=	171013
		ret0	=	171010
		
		SIVEC0	=	3004
		SOVEC0	=	3010
		SIVEC1	=	3014
		SOVEC1	=	3020
		LDADDR	=	2300
		
		; Interrupt Vectors
		
		.	=	SIVEC0
003004		
	001167		mov	r7, @sp+
003005	001040		b	intr
	000504	
003007		
		.	=	SOVEC0
003010		
	001167		mov	r7, @sp+
003011	001040		b	intr
	000510	
003013		
		.	=	SIVEC1
003014		
	001167		mov	r7, @sp+
003015	001040		b	intr
	000514	
003017		
		.	=	SOVEC1
003020		
	001167		mov	r7, @sp+
003021	001040		b	intr
	000520	
003023		
		.	=	LDADDR
002300		
	001000		b	start
	000067	
002302		
	001161	intr:	mov	r1, @sp+
002303	000061		gswd	r1
002304	001161		mov	r1, @sp+
002305	000003		dis
002306	000005		tci
002307	000006		clrc
002310	001162		mov	r2, @sp+
002311	000261		mov	sp, r1
002312	001471		sub	4, r1
	000004	
002314	001212		mov	@r1, r2			; get back old pc
002315	001110		mov	r0, @r1			; clobber the intru vec info
002316	001472		sub	SIVEC0 + 1, r2
	003005	
002320	000156		sar	2, r2
002321	001372		add	itable, r2
	002341	
002323	001163		mov	r3, @sp+
002324	001164		mov	r4, @sp+
002325	001165		mov	r5, @sp+
002326	001227		mov	@r2, pc			; branch to service routine
002327		
	001265	iret:	mov	@-sp, r5
002330	001264		mov	@-sp, r4
002331	001263		mov	@-sp, r3
002332	001262		mov	@-sp, r2
002333	001261		mov	@-sp, r1
002334	000071		rswd	r1
002335	001261		mov	@-sp, r1
002336	001260		mov	@-sp, r0
002337	000002		eis
002340	001267		mov	@-sp, pc
002341		
	002345	itable:	siint0
002342	002347		soint0
002343	002365		siint1
002344	002367		soint1
002345		
	001040	siint0:	b	iret
	000017	
002347	001271	soint0:	mov	177762, r1
	177762	
002351	001210		mov	@r1, r0
002352	001670		and	1, r0
	000001	
002354	001044		bze	iret
	000026	
002356	001271		mov	177763, r1
	177763	
002360	001270		mov	'A, r0
	000101	
002362	001110		mov	r0, @r1
002363	001040		b	iret
	000035	
002365	001040	siint1:	b	iret
	000037	
002367		
	001040	soint1:	b	iret
	000041	
002371		
	001270	start:	mov	557, r0
	000557	
002373	001271		mov	177762, r1
	177762	
002375	001110		mov	r0, @r1
002376	000002		eis
002377	001040	loop:	b	loop
	000001	
002401		

Symbol Table

LDADDR   =	002300	SIVEC0   =	003004	SIVEC1   =	003014	
SOVEC0   =	003010	SOVEC1   =	003020	call     =	070756	
intr     =	002302	iret     =	002327	itable   =	002341	
loop     =	002377	ret      =	071013	ret0     =	071010	
siint0   =	002345	siint1   =	002365	soint0   =	002347	
soint1   =	002367	start    =	002371	
